Running: C:\Xilinx\14.7\ISE_DS\ISE\bin\nt64\unwrapped\fuse.exe -intstyle ise -incremental -lib unisims_ver -lib unimacro_ver -lib xilinxcorelib_ver -lib secureip -o C:/Users/ABTIN/Desktop/amirkabir un/term 3/logical circuts/LAB/HW9/Flip flop/DFF/Testbench_isim_beh.exe -prj C:/Users/ABTIN/Desktop/amirkabir un/term 3/logical circuts/LAB/HW9/Flip flop/DFF/Testbench_beh.prj work.Testbench work.glbl 
ISim P.20131013 (signature 0x7708f090)
Number of CPUs detected in this system: 4
Turning on mult-threading, number of parallel sub-compilation jobs: 8 
Determining compilation order of HDL files
Analyzing Verilog file "C:/Users/ABTIN/Desktop/amirkabir un/term 3/logical circuts/LAB/HW9/Flip flop/DFF/DFF.v" into library work
Analyzing Verilog file "C:/Users/ABTIN/Desktop/amirkabir un/term 3/logical circuts/LAB/HW9/Flip flop/DFF/Main.v" into library work
Analyzing Verilog file "C:/Users/ABTIN/Desktop/amirkabir un/term 3/logical circuts/LAB/HW9/Flip flop/DFF/Testbench.v" into library work
Analyzing Verilog file "C:/Xilinx/14.7/ISE_DS/ISE//verilog/src/glbl.v" into library work
Starting static elaboration
Completed static elaboration
Compiling module DFF
Compiling module Main
Compiling module Testbench
Compiling module glbl
Time Resolution for simulation is 1ps.
Waiting for 1 sub-compilation(s) to finish...
Compiled 4 Verilog Units
Built simulation executable C:/Users/ABTIN/Desktop/amirkabir un/term 3/logical circuts/LAB/HW9/Flip flop/DFF/Testbench_isim_beh.exe
Fuse Memory Usage: 27736 KB
Fuse CPU Usage: 546 ms
